<?xml version="1.0" encoding="utf-8" standalone="no"?>
<!--This file represents the results of running a test suite-->
<test-results name="C:\Users\jaestrad\Documents\Visual Studio 2010\Projects\MSAccess-master\MSAccessDataLayer\MSAccessDataLayer.csproj" total="0" errors="0" failures="0" not-run="0" inconclusive="0" ignored="0" skipped="0" invalid="0" date="2013-01-20" time="12:13:44">
  <environment nunit-version="2.5.8.10295" clr-version="4.0.30319.296" os-version="Microsoft Windows NT 6.1.7601 Service Pack 1" platform="Win32NT" cwd="C:\Users\jaestrad\Documents\Visual Studio 2010\Projects\MSAccess-master\lib\nunit\NUnit.Runner\bin\Debug" machine-name="HOUD21187" user="jaestrad" user-domain="IAMERS" />
  <culture-info current-culture="en-US" current-uiculture="en-US" />
  <test-suite type="Project" name="C:\Users\jaestrad\Documents\Visual Studio 2010\Projects\MSAccess-master\MSAccessDataLayer\MSAccessDataLayer.csproj" executed="True" result="Inconclusive" success="False" time="0.016" asserts="0">
    <results>
      <test-suite type="Assembly" name="C:\Users\jaestrad\Documents\Visual Studio 2010\Projects\MSAccess-master\MSAccessDataLayer\bin\Debug\SQLDataLayer.dll" executed="False" result="NotRunnable">
        <reason>
          <message><![CDATA[Has no TestFixtures]]></message>
        </reason>
      </test-suite>
    </results>
  </test-suite>
</test-results>